-------------------------------------------------------------------------------
Test set: com.parkit.parkingsystem.integration.ParkingDataBaseIT
-------------------------------------------------------------------------------
Tests run: 3, Failures: 3, Errors: 0, Skipped: 0, Time elapsed: 2.136 s <<< FAILURE! - in com.parkit.parkingsystem.integration.ParkingDataBaseIT
testParkingLotExitRecurringUser  Time elapsed: 1.582 s  <<< FAILURE!
org.opentest4j.AssertionFailedError: Le ticket devrait être enregistré dans la base de données. ==> expected: not <null>
	at com.parkit.parkingsystem.integration.ParkingDataBaseIT.testParkingACar(ParkingDataBaseIT.java:71)
	at com.parkit.parkingsystem.integration.ParkingDataBaseIT.testParkingLotExitRecurringUser(ParkingDataBaseIT.java:115)

testParkingLotExit  Time elapsed: 0.084 s  <<< FAILURE!
org.opentest4j.AssertionFailedError: Le ticket devrait être enregistré dans la base de données. ==> expected: not <null>
	at com.parkit.parkingsystem.integration.ParkingDataBaseIT.testParkingACar(ParkingDataBaseIT.java:71)
	at com.parkit.parkingsystem.integration.ParkingDataBaseIT.testParkingLotExit(ParkingDataBaseIT.java:86)

testParkingACar  Time elapsed: 0.076 s  <<< FAILURE!
org.opentest4j.AssertionFailedError: Le ticket devrait être enregistré dans la base de données. ==> expected: not <null>
	at com.parkit.parkingsystem.integration.ParkingDataBaseIT.testParkingACar(ParkingDataBaseIT.java:71)

